app/build/outputs/logs/manifest-merger-debug-report.txt
-- Merging decision tree log ---
manifest
ADDED from AndroidManifest.xml:2:1
	xmlns:android
		ADDED from AndroidManifest.xml:2:11
	package
		ADDED from AndroidManifest.xml:3:5
		INJECTED from AndroidManifest.xml:0:0
		INJECTED from AndroidManifest.xml:0:0
	android:versionName
		ADDED from AndroidManifest.xml:5:5
	android:versionCode
		ADDED from AndroidManifest.xml:4:5
		INJECTED from AndroidManifest.xml:0:0
		INJECTED from AndroidManifest.xml:0:0
uses-sdk
ADDED from AndroidManifest.xml:7:5
MERGED from com.android.support:recyclerview-v7:21.0.3:15:5
MERGED from com.android.support:support-v4:21.0.3:15:5
MERGED from com.android.support:appcompat-v7:21.0.3:15:5
MERGED from com.android.support:support-v4:21.0.3:15:5
MERGED from com.android.support:cardview-v7:21.0.3:15:5
MERGED from com.stripe:stripe-android:1.0.0:7:5
MERGED from com.twitter.sdk.android:twitter:1.4.0:7:5
MERGED from com.twitter.sdk.android:tweet-ui:1.1.0:7:5
MERGED from com.twitter.cobalt:performance-metrics:0.2.0:5:5
MERGED from com.twitter.sdk.android:twitter-core:1.3.2:7:5
MERGED from io.fabric.sdk.android:fabric:1.3.0:7:5
MERGED from io.fabric.sdk.android:fabric:1.3.0:7:5
MERGED from com.android.support:support-v4:21.0.3:15:5
MERGED from com.twitter.sdk.android:twitter-core:1.3.2:7:5
MERGED from io.fabric.sdk.android:fabric:1.3.0:7:5
MERGED from io.fabric.sdk.android:fabric:1.3.0:7:5
MERGED from com.twitter.sdk.android:tweet-composer:0.7.3:7:5
MERGED from io.fabric.sdk.android:fabric:1.3.0:7:5
MERGED from com.twitter.sdk.android:twitter-core:1.3.2:7:5
MERGED from io.fabric.sdk.android:fabric:1.3.0:7:5
MERGED from com.digits.sdk.android:digits:1.4.0:7:5
MERGED from com.twitter.sdk.android:twitter-core:1.3.2:7:5
MERGED from io.fabric.sdk.android:fabric:1.3.0:7:5
MERGED from io.fabric.sdk.android:fabric:1.3.0:7:5
	android:targetSdkVersion
		INJECTED from AndroidManifest.xml:0:0
		INJECTED from AndroidManifest.xml:0:0
	android:minSdkVersion
		ADDED from AndroidManifest.xml:7:15
		INJECTED from AndroidManifest.xml:0:0
		INJECTED from AndroidManifest.xml:0:0
uses-permission#android.permission.RECEIVE_BOOT_COMPLETED
ADDED from AndroidManifest.xml:9:5
	android:name
		ADDED from AndroidManifest.xml:9:22
uses-permission#android.permission.WRITE_EXTERNAL_STORAGE
ADDED from AndroidManifest.xml:10:5
	android:name
		ADDED from AndroidManifest.xml:10:22
uses-permission#android.permission.INTERNET
ADDED from AndroidManifest.xml:11:5
MERGED from com.twitter.sdk.android:tweet-ui:1.1.0:9:5
MERGED from com.twitter.sdk.android:twitter-core:1.3.2:9:5
MERGED from com.twitter.sdk.android:twitter-core:1.3.2:9:5
MERGED from com.twitter.sdk.android:tweet-composer:0.7.3:9:5
MERGED from com.twitter.sdk.android:twitter-core:1.3.2:9:5
MERGED from com.digits.sdk.android:digits:1.4.0:9:5
MERGED from com.twitter.sdk.android:twitter-core:1.3.2:9:5
	android:name
		ADDED from AndroidManifest.xml:11:22
uses-permission#android.permission.READ_PHONE_STATE
ADDED from AndroidManifest.xml:13:5
	android:name
		ADDED from AndroidManifest.xml:13:22
uses-permission#android.permission.READ_EXTERNAL_STORAGE
ADDED from AndroidManifest.xml:14:5
	android:maxSdkVersion
		ADDED from AndroidManifest.xml:16:9
	android:name
		ADDED from AndroidManifest.xml:15:9
application
ADDED from AndroidManifest.xml:18:5
MERGED from com.android.support:recyclerview-v7:21.0.3:17:5
MERGED from com.android.support:support-v4:21.0.3:16:5
MERGED from com.android.support:appcompat-v7:21.0.3:16:5
MERGED from com.android.support:support-v4:21.0.3:16:5
MERGED from com.android.support:cardview-v7:21.0.3:16:5
MERGED from com.twitter.sdk.android:twitter:1.4.0:9:5
MERGED from com.twitter.sdk.android:tweet-ui:1.1.0:11:5
MERGED from com.twitter.cobalt:performance-metrics:0.2.0:9:5
MERGED from com.twitter.sdk.android:twitter-core:1.3.2:11:5
MERGED from io.fabric.sdk.android:fabric:1.3.0:9:5
MERGED from io.fabric.sdk.android:fabric:1.3.0:9:5
MERGED from com.android.support:support-v4:21.0.3:16:5
MERGED from com.twitter.sdk.android:twitter-core:1.3.2:11:5
MERGED from io.fabric.sdk.android:fabric:1.3.0:9:5
MERGED from io.fabric.sdk.android:fabric:1.3.0:9:5
MERGED from com.twitter.sdk.android:tweet-composer:0.7.3:11:5
MERGED from io.fabric.sdk.android:fabric:1.3.0:9:5
MERGED from com.twitter.sdk.android:twitter-core:1.3.2:11:5
MERGED from io.fabric.sdk.android:fabric:1.3.0:9:5
MERGED from com.digits.sdk.android:digits:1.4.0:11:5
MERGED from com.twitter.sdk.android:twitter-core:1.3.2:11:5
MERGED from io.fabric.sdk.android:fabric:1.3.0:9:5
MERGED from io.fabric.sdk.android:fabric:1.3.0:9:5
	android:label
		ADDED from AndroidManifest.xml:20:9
	android:icon
		ADDED from AndroidManifest.xml:19:9
	android:theme
		ADDED from AndroidManifest.xml:21:9
activity#com.st.fn.FinancialNotifierMenuActivity
ADDED from AndroidManifest.xml:22:9
	android:label
		ADDED from AndroidManifest.xml:24:13
	android:name
		ADDED from AndroidManifest.xml:23:13
activity#com.st.fn.VehiclesActivity
ADDED from AndroidManifest.xml:27:9
	android:label
		ADDED from AndroidManifest.xml:29:13
	android:name
		ADDED from AndroidManifest.xml:28:13
activity#com.st.fn.UpdateVehicleActivity
ADDED from AndroidManifest.xml:31:9
	android:label
		ADDED from AndroidManifest.xml:33:13
	android:name
		ADDED from AndroidManifest.xml:32:13
activity#com.st.fn.AddVIActivity
ADDED from AndroidManifest.xml:35:9
	android:label
		ADDED from AndroidManifest.xml:37:13
	android:name
		ADDED from AndroidManifest.xml:36:13
activity#com.st.fn.LifeInsurancesActivity
ADDED from AndroidManifest.xml:39:9
	android:label
		ADDED from AndroidManifest.xml:41:13
	android:name
		ADDED from AndroidManifest.xml:40:13
activity#com.st.fn.AddLIActivity
ADDED from AndroidManifest.xml:43:9
	android:label
		ADDED from AndroidManifest.xml:45:13
	android:name
		ADDED from AndroidManifest.xml:44:13
activity#com.st.fn.UpdateLifeInsuranceActivity
ADDED from AndroidManifest.xml:47:9
	android:label
		ADDED from AndroidManifest.xml:49:13
	android:name
		ADDED from AndroidManifest.xml:48:13
activity#com.st.fn.UpcomingEventsActivity
ADDED from AndroidManifest.xml:51:9
	android:label
		ADDED from AndroidManifest.xml:53:13
	android:name
		ADDED from AndroidManifest.xml:52:13
activity#com.st.fn.PrefsActivity
ADDED from AndroidManifest.xml:55:9
	android:label
		ADDED from AndroidManifest.xml:57:13
	android:name
		ADDED from AndroidManifest.xml:56:13
activity#com.st.fn.DepositsActivity
ADDED from AndroidManifest.xml:59:9
	android:label
		ADDED from AndroidManifest.xml:61:13
	android:name
		ADDED from AndroidManifest.xml:60:13
activity#com.st.fn.AddFDActivity
ADDED from AndroidManifest.xml:63:9
	android:label
		ADDED from AndroidManifest.xml:65:13
	android:name
		ADDED from AndroidManifest.xml:64:13
activity#com.st.fn.UpdateDepositActivity
ADDED from AndroidManifest.xml:67:9
	android:label
		ADDED from AndroidManifest.xml:69:13
	android:name
		ADDED from AndroidManifest.xml:68:13
activity#com.st.fn.BackupRestoreActivity
ADDED from AndroidManifest.xml:71:9
	android:label
		ADDED from AndroidManifest.xml:73:13
	android:name
		ADDED from AndroidManifest.xml:72:13
activity#com.st.fn.PaymentActivity
ADDED from AndroidManifest.xml:75:9
	android:label
		ADDED from AndroidManifest.xml:76:13
	android:name
		ADDED from AndroidManifest.xml:75:19
receiver#com.st.fn.DateChangeBroadcastReceiver
ADDED from AndroidManifest.xml:78:9
	android:name
		ADDED from AndroidManifest.xml:78:19
intent-filter#android.intent.action.BOOT_COMPLETED+com.st.fn.NOTIFY
ADDED from AndroidManifest.xml:79:13
action#android.intent.action.BOOT_COMPLETED
ADDED from AndroidManifest.xml:80:17
	android:name
		ADDED from AndroidManifest.xml:80:25
action#com.st.fn.NOTIFY
ADDED from AndroidManifest.xml:81:17
	android:name
		ADDED from AndroidManifest.xml:81:25
meta-data#io.fabric.ApiKey
ADDED from AndroidManifest.xml:85:9
	android:name
		ADDED from AndroidManifest.xml:86:13
	android:value
		ADDED from AndroidManifest.xml:87:13
activity#com.st.fn.LoginActivity
ADDED from AndroidManifest.xml:89:9
	android:label
		ADDED from AndroidManifest.xml:91:13
	android:name
		ADDED from AndroidManifest.xml:90:13
intent-filter#android.intent.action.MAIN+android.intent.category.LAUNCHER
ADDED from AndroidManifest.xml:92:13
action#android.intent.action.MAIN
ADDED from AndroidManifest.xml:93:17
	android:name
		ADDED from AndroidManifest.xml:93:25
category#android.intent.category.LAUNCHER
ADDED from AndroidManifest.xml:95:17
	android:name
		ADDED from AndroidManifest.xml:95:27
activity#android.support.v7.widget.TestActivity
ADDED from com.android.support:recyclerview-v7:21.0.3:18:9
	android:label
		ADDED from com.android.support:recyclerview-v7:21.0.3:18:19
	android:name
		ADDED from com.android.support:recyclerview-v7:21.0.3:18:60
activity#com.twitter.sdk.android.core.identity.OAuthActivity
ADDED from com.twitter.sdk.android:twitter-core:1.3.2:12:9
MERGED from com.twitter.sdk.android:twitter-core:1.3.2:12:9
MERGED from com.twitter.sdk.android:twitter-core:1.3.2:12:9
MERGED from com.twitter.sdk.android:twitter-core:1.3.2:12:9
	android:configChanges
		ADDED from com.twitter.sdk.android:twitter-core:1.3.2:14:13
	android:exported
		ADDED from com.twitter.sdk.android:twitter-core:1.3.2:16:13
	android:excludeFromRecents
		ADDED from com.twitter.sdk.android:twitter-core:1.3.2:15:13
	android:name
		ADDED from com.twitter.sdk.android:twitter-core:1.3.2:13:13
activity#com.twitter.sdk.android.core.identity.ShareEmailActivity
ADDED from com.twitter.sdk.android:twitter-core:1.3.2:17:9
MERGED from com.twitter.sdk.android:twitter-core:1.3.2:17:9
MERGED from com.twitter.sdk.android:twitter-core:1.3.2:17:9
MERGED from com.twitter.sdk.android:twitter-core:1.3.2:17:9
	android:label
		ADDED from com.twitter.sdk.android:twitter-core:1.3.2:23:13
	android:icon
		ADDED from com.twitter.sdk.android:twitter-core:1.3.2:22:13
	android:configChanges
		ADDED from com.twitter.sdk.android:twitter-core:1.3.2:19:13
	android:exported
		ADDED from com.twitter.sdk.android:twitter-core:1.3.2:21:13
	android:excludeFromRecents
		ADDED from com.twitter.sdk.android:twitter-core:1.3.2:20:13
	android:name
		ADDED from com.twitter.sdk.android:twitter-core:1.3.2:18:13
activity#com.digits.sdk.android.PhoneNumberActivity
ADDED from com.digits.sdk.android:digits:1.4.0:12:9
	android:windowSoftInputMode
		ADDED from com.digits.sdk.android:digits:1.4.0:18:13
	android:configChanges
		ADDED from com.digits.sdk.android:digits:1.4.0:14:13
	android:exported
		ADDED from com.digits.sdk.android:digits:1.4.0:16:13
	android:excludeFromRecents
		ADDED from com.digits.sdk.android:digits:1.4.0:15:13
	android:taskAffinity
		ADDED from com.digits.sdk.android:digits:1.4.0:17:13
	android:name
		ADDED from com.digits.sdk.android:digits:1.4.0:13:13
activity#com.digits.sdk.android.ConfirmationCodeActivity
ADDED from com.digits.sdk.android:digits:1.4.0:19:9
	android:windowSoftInputMode
		ADDED from com.digits.sdk.android:digits:1.4.0:25:13
	android:configChanges
		ADDED from com.digits.sdk.android:digits:1.4.0:21:13
	android:exported
		ADDED from com.digits.sdk.android:digits:1.4.0:23:13
	android:excludeFromRecents
		ADDED from com.digits.sdk.android:digits:1.4.0:22:13
	android:taskAffinity
		ADDED from com.digits.sdk.android:digits:1.4.0:24:13
	android:name
		ADDED from com.digits.sdk.android:digits:1.4.0:20:13
activity#com.digits.sdk.android.LoginCodeActivity
ADDED from com.digits.sdk.android:digits:1.4.0:26:9
	android:windowSoftInputMode
		ADDED from com.digits.sdk.android:digits:1.4.0:33:13
	android:configChanges
		ADDED from com.digits.sdk.android:digits:1.4.0:28:13
	android:exported
		ADDED from com.digits.sdk.android:digits:1.4.0:30:13
	android:excludeFromRecents
		ADDED from com.digits.sdk.android:digits:1.4.0:29:13
	android:taskAffinity
		ADDED from com.digits.sdk.android:digits:1.4.0:32:13
	android:name
		ADDED from com.digits.sdk.android:digits:1.4.0:27:13
	android:launchMode
		ADDED from com.digits.sdk.android:digits:1.4.0:31:13
activity#com.digits.sdk.android.PinCodeActivity
ADDED from com.digits.sdk.android:digits:1.4.0:34:9
	android:windowSoftInputMode
		ADDED from com.digits.sdk.android:digits:1.4.0:41:13
	android:configChanges
		ADDED from com.digits.sdk.android:digits:1.4.0:36:13
	android:exported
		ADDED from com.digits.sdk.android:digits:1.4.0:38:13
	android:excludeFromRecents
		ADDED from com.digits.sdk.android:digits:1.4.0:37:13
	android:taskAffinity
		ADDED from com.digits.sdk.android:digits:1.4.0:40:13
	android:name
		ADDED from com.digits.sdk.android:digits:1.4.0:35:13
	android:launchMode
		ADDED from com.digits.sdk.android:digits:1.4.0:39:13
activity#com.digits.sdk.android.FailureActivity
ADDED from com.digits.sdk.android:digits:1.4.0:42:9
	android:configChanges
		ADDED from com.digits.sdk.android:digits:1.4.0:44:13
	android:exported
		ADDED from com.digits.sdk.android:digits:1.4.0:46:13
	android:excludeFromRecents
		ADDED from com.digits.sdk.android:digits:1.4.0:45:13
	android:taskAffinity
		ADDED from com.digits.sdk.android:digits:1.4.0:47:13
	android:name
		ADDED from com.digits.sdk.android:digits:1.4.0:43:13
activity#com.digits.sdk.android.ContactsActivity
ADDED from com.digits.sdk.android:digits:1.4.0:48:9
	android:configChanges
		ADDED from com.digits.sdk.android:digits:1.4.0:50:13
	android:exported
		ADDED from com.digits.sdk.android:digits:1.4.0:52:13
	android:excludeFromRecents
		ADDED from com.digits.sdk.android:digits:1.4.0:51:13
	android:name
		ADDED from com.digits.sdk.android:digits:1.4.0:49:13
activity#com.digits.sdk.android.PhoneNumberActionBarActivity
ADDED from com.digits.sdk.android:digits:1.4.0:53:9
	android:windowSoftInputMode
		ADDED from com.digits.sdk.android:digits:1.4.0:59:13
	android:configChanges
		ADDED from com.digits.sdk.android:digits:1.4.0:55:13
	android:exported
		ADDED from com.digits.sdk.android:digits:1.4.0:57:13
	android:excludeFromRecents
		ADDED from com.digits.sdk.android:digits:1.4.0:56:13
	android:taskAffinity
		ADDED from com.digits.sdk.android:digits:1.4.0:58:13
	android:name
		ADDED from com.digits.sdk.android:digits:1.4.0:54:13
activity#com.digits.sdk.android.ConfirmationCodeActionBarActivity
ADDED from com.digits.sdk.android:digits:1.4.0:60:9
	android:windowSoftInputMode
		ADDED from com.digits.sdk.android:digits:1.4.0:66:13
	android:configChanges
		ADDED from com.digits.sdk.android:digits:1.4.0:62:13
	android:exported
		ADDED from com.digits.sdk.android:digits:1.4.0:64:13
	android:excludeFromRecents
		ADDED from com.digits.sdk.android:digits:1.4.0:63:13
	android:taskAffinity
		ADDED from com.digits.sdk.android:digits:1.4.0:65:13
	android:name
		ADDED from com.digits.sdk.android:digits:1.4.0:61:13
activity#com.digits.sdk.android.LoginCodeActionBarActivity
ADDED from com.digits.sdk.android:digits:1.4.0:67:9
	android:windowSoftInputMode
		ADDED from com.digits.sdk.android:digits:1.4.0:74:13
	android:configChanges
		ADDED from com.digits.sdk.android:digits:1.4.0:69:13
	android:exported
		ADDED from com.digits.sdk.android:digits:1.4.0:71:13
	android:excludeFromRecents
		ADDED from com.digits.sdk.android:digits:1.4.0:70:13
	android:taskAffinity
		ADDED from com.digits.sdk.android:digits:1.4.0:73:13
	android:name
		ADDED from com.digits.sdk.android:digits:1.4.0:68:13
	android:launchMode
		ADDED from com.digits.sdk.android:digits:1.4.0:72:13
activity#com.digits.sdk.android.FailureActionBarActivity
ADDED from com.digits.sdk.android:digits:1.4.0:75:9
	android:configChanges
		ADDED from com.digits.sdk.android:digits:1.4.0:77:13
	android:exported
		ADDED from com.digits.sdk.android:digits:1.4.0:79:13
	android:excludeFromRecents
		ADDED from com.digits.sdk.android:digits:1.4.0:78:13
	android:taskAffinity
		ADDED from com.digits.sdk.android:digits:1.4.0:80:13
	android:name
		ADDED from com.digits.sdk.android:digits:1.4.0:76:13
activity#com.digits.sdk.android.ContactsActionBarActivity
ADDED from com.digits.sdk.android:digits:1.4.0:81:9
	android:configChanges
		ADDED from com.digits.sdk.android:digits:1.4.0:83:13
	android:exported
		ADDED from com.digits.sdk.android:digits:1.4.0:85:13
	android:excludeFromRecents
		ADDED from com.digits.sdk.android:digits:1.4.0:84:13
	android:name
		ADDED from com.digits.sdk.android:digits:1.4.0:82:13
activity#com.digits.sdk.android.PinCodeActionBarActivity
ADDED from com.digits.sdk.android:digits:1.4.0:86:9
	android:windowSoftInputMode
		ADDED from com.digits.sdk.android:digits:1.4.0:93:13
	android:configChanges
		ADDED from com.digits.sdk.android:digits:1.4.0:88:13
	android:exported
		ADDED from com.digits.sdk.android:digits:1.4.0:90:13
	android:excludeFromRecents
		ADDED from com.digits.sdk.android:digits:1.4.0:89:13
	android:taskAffinity
		ADDED from com.digits.sdk.android:digits:1.4.0:92:13
	android:name
		ADDED from com.digits.sdk.android:digits:1.4.0:87:13
	android:launchMode
		ADDED from com.digits.sdk.android:digits:1.4.0:91:13
service#com.digits.sdk.android.ContactsUploadService
ADDED from com.digits.sdk.android:digits:1.4.0:95:9
	android:exported
		ADDED from com.digits.sdk.android:digits:1.4.0:98:13
	android:enabled
		ADDED from com.digits.sdk.android:digits:1.4.0:97:13
	android:name
		ADDED from com.digits.sdk.android:digits:1.4.0:96:13